#! /usr/local/bin/vvp
:ivl_version "0.9.7 " "(v0_9_7)";
:vpi_time_precision + 0;
:vpi_module "system";
:vpi_module "v2005_math";
:vpi_module "va_math";
S_0x1d30410 .scope module, "test" "test" 2 1;
 .timescale 0 0;
v0x1d42a30_0 .var "a", 3 0;
v0x1d42b00_0 .net "o", 6 0, v0x1d428f0_0; 1 drivers
S_0x1d30500 .scope module, "s" "seven" 2 4, 3 1, S_0x1d30410;
 .timescale 0 0;
v0x1d305f0_0 .net "a", 3 0, v0x1d42a30_0; 1 drivers
v0x1d428f0_0 .var "d", 6 0;
v0x1d42990_0 .alias "o", 6 0, v0x1d42b00_0;
E_0x1d0b200 .event edge, v0x1d305f0_0;
    .scope S_0x1d30500;
T_0 ;
    %wait E_0x1d0b200;
    %load/v 8, v0x1d305f0_0, 4;
    %cmpi/u 8, 0, 4;
    %jmp/1 T_0.0, 6;
    %cmpi/u 8, 1, 4;
    %jmp/1 T_0.1, 6;
    %cmpi/u 8, 2, 4;
    %jmp/1 T_0.2, 6;
    %cmpi/u 8, 3, 4;
    %jmp/1 T_0.3, 6;
    %cmpi/u 8, 4, 4;
    %jmp/1 T_0.4, 6;
    %cmpi/u 8, 5, 4;
    %jmp/1 T_0.5, 6;
    %cmpi/u 8, 6, 4;
    %jmp/1 T_0.6, 6;
    %cmpi/u 8, 7, 4;
    %jmp/1 T_0.7, 6;
    %cmpi/u 8, 8, 4;
    %jmp/1 T_0.8, 6;
    %cmpi/u 8, 9, 4;
    %jmp/1 T_0.9, 6;
    %jmp T_0.10;
T_0.0 ;
    %movi 8, 126, 7;
    %set/v v0x1d428f0_0, 8, 7;
    %jmp T_0.10;
T_0.1 ;
    %movi 8, 96, 7;
    %set/v v0x1d428f0_0, 8, 7;
    %jmp T_0.10;
T_0.2 ;
    %movi 8, 91, 7;
    %set/v v0x1d428f0_0, 8, 7;
    %jmp T_0.10;
T_0.3 ;
    %movi 8, 115, 7;
    %set/v v0x1d428f0_0, 8, 7;
    %jmp T_0.10;
T_0.4 ;
    %movi 8, 101, 7;
    %set/v v0x1d428f0_0, 8, 7;
    %jmp T_0.10;
T_0.5 ;
    %movi 8, 55, 7;
    %set/v v0x1d428f0_0, 8, 7;
    %jmp T_0.10;
T_0.6 ;
    %movi 8, 63, 7;
    %set/v v0x1d428f0_0, 8, 7;
    %jmp T_0.10;
T_0.7 ;
    %movi 8, 114, 7;
    %set/v v0x1d428f0_0, 8, 7;
    %jmp T_0.10;
T_0.8 ;
    %set/v v0x1d428f0_0, 1, 7;
    %jmp T_0.10;
T_0.9 ;
    %movi 8, 119, 7;
    %set/v v0x1d428f0_0, 8, 7;
    %jmp T_0.10;
T_0.10 ;
    %jmp T_0;
    .thread T_0, $push;
    .scope S_0x1d30410;
T_1 ;
    %delay 10, 0;
    %set/v v0x1d42a30_0, 0, 4;
    %delay 10, 0;
    %movi 8, 1, 4;
    %set/v v0x1d42a30_0, 8, 4;
    %delay 10, 0;
    %movi 8, 2, 4;
    %set/v v0x1d42a30_0, 8, 4;
    %delay 10, 0;
    %movi 8, 3, 4;
    %set/v v0x1d42a30_0, 8, 4;
    %delay 10, 0;
    %movi 8, 4, 4;
    %set/v v0x1d42a30_0, 8, 4;
    %delay 10, 0;
    %movi 8, 5, 4;
    %set/v v0x1d42a30_0, 8, 4;
    %delay 10, 0;
    %movi 8, 6, 4;
    %set/v v0x1d42a30_0, 8, 4;
    %delay 10, 0;
    %movi 8, 7, 4;
    %set/v v0x1d42a30_0, 8, 4;
    %delay 10, 0;
    %movi 8, 8, 4;
    %set/v v0x1d42a30_0, 8, 4;
    %delay 10, 0;
    %movi 8, 9, 4;
    %set/v v0x1d42a30_0, 8, 4;
    %delay 10, 0;
    %vpi_call 2 16 "$finish";
    %end;
    .thread T_1;
    .scope S_0x1d30410;
T_2 ;
    %vpi_call 2 19 "$monitor", $time, " a %b out %b", v0x1d42a30_0, v0x1d42b00_0;
    %end;
    .thread T_2;
# The file index is used to find the file name in the following table.
:file_names 4;
    "N/A";
    "<interactive>";
    "test.v";
    "segment7.v";
